Flow report for MCU8951
Fri Dec 20 15:59:32 2002
Quartus II Version 9.0 Build 132 02/25/2009 SJ Full Version


---------------------
; Table of Contents ;
---------------------
  1. Legal Notice
  2. Flow Summary
  3. Flow Settings
  4. Flow Non-Default Global Settings
  5. Flow Elapsed Time
  6. Flow OS Summary
  7. Flow Log



----------------
; Legal Notice ;
----------------
Copyright (C) 1991-2009 Altera Corporation
Your use of Altera Corporation's design tools, logic functions 
and other software and tools, and its AMPP partner logic 
functions, and any output files from any of the foregoing 
(including device programming or simulation files), and any 
associated documentation or information are expressly subject 
to the terms and conditions of the Altera Program License 
Subscription Agreement, Altera MegaCore Function License 
Agreement, or other applicable license agreement, including, 
without limitation, that your use is for the sole purpose of 
programming logic devices manufactured by Altera and sold by 
Altera or its authorized distributors.  Please refer to the 
applicable agreement for further details.



+-------------------------------------------------------------------------------+
; Flow Summary                                                                  ;
+------------------------------------+------------------------------------------+
; Flow Status                        ; Successful - Fri Dec 20 15:59:21 2002    ;
; Quartus II Version                 ; 9.0 Build 132 02/25/2009 SJ Full Version ;
; Revision Name                      ; MCU8951                                  ;
; Top-level Entity Name              ; MCU8951                                  ;
; Family                             ; Cyclone III                              ;
; Device                             ; EP3C16F484C6                             ;
; Timing Models                      ; Final                                    ;
; Met timing requirements            ; N/A                                      ;
; Total logic elements               ; 1,941 / 15,408 ( 13 % )                  ;
;     Total combinational functions  ; 1,882 / 15,408 ( 12 % )                  ;
;     Dedicated logic registers      ; 689 / 15,408 ( 4 % )                     ;
; Total registers                    ; 689                                      ;
; Total pins                         ; 52 / 347 ( 15 % )                        ;
; Total virtual pins                 ; 0                                        ;
; Total memory bits                  ; 34,816 / 516,096 ( 7 % )                 ;
; Embedded Multiplier 9-bit elements ; 0 / 112 ( 0 % )                          ;
; Total PLLs                         ; 1 / 4 ( 25 % )                           ;
+------------------------------------+------------------------------------------+


+-----------------------------------------+
; Flow Settings                           ;
+-------------------+---------------------+
; Option            ; Setting             ;
+-------------------+---------------------+
; Start date & time ; 12/20/2002 15:58:28 ;
; Main task         ; Compilation         ;
; Revision Name     ; MCU8951             ;
+-------------------+---------------------+


+--------------------------------------------------------------------------------------------------------------------------------------------+
; Flow Non-Default Global Settings                                                                                                           ;
+-----------------------------+-------------------------------------------------------------------+---------------+-------------+------------+
; Assignment Name             ; Value                                                             ; Default Value ; Entity Name ; Section Id ;
+-----------------------------+-------------------------------------------------------------------+---------------+-------------+------------+
; COMPILER_SIGNATURE_ID       ; 6112296611.104037110802456                                        ; --            ; --          ; --         ;
; ENABLE_SIGNALTAP            ; Off                                                               ; --            ; --          ; --         ;
; FITTER_EFFORT               ; Standard Fit                                                      ; Auto Fit      ; --          ; --         ;
; MAX_CORE_JUNCTION_TEMP      ; 85                                                                ; --            ; --          ; --         ;
; MIN_CORE_JUNCTION_TEMP      ; 0                                                                 ; --            ; --          ; --         ;
; MISC_FILE                   ; E:/xian_TRAFFIC/basic_90/MCU8951.dpf                              ; --            ; --          ; --         ;
; MISC_FILE                   ; E:/xian_TRAFFIC/led_display_90/MCU8951.dpf                        ; --            ; --          ; --         ;
; MISC_FILE                   ; C:/Documents and Settings/Administrator/×ÀÃæ/FunClock/MCU8951.dpf ; --            ; --          ; --         ;
; NOMINAL_CORE_SUPPLY_VOLTAGE ; 1.2V                                                              ; --            ; --          ; --         ;
; USE_SIGNALTAP_FILE          ; stp1.stp                                                          ; --            ; --          ; --         ;
+-----------------------------+-------------------------------------------------------------------+---------------+-------------+------------+


+-------------------------------------------------------------------------------------------------------------------------------+
; Flow Elapsed Time                                                                                                             ;
+---------------------------+--------------+-------------------------+---------------------+------------------------------------+
; Module Name               ; Elapsed Time ; Average Processors Used ; Peak Virtual Memory ; Total CPU Time (on all processors) ;
+---------------------------+--------------+-------------------------+---------------------+------------------------------------+
; Analysis & Synthesis      ; 00:00:11     ; 1.0                     ; 209 MB              ; 00:00:10                           ;
; Fitter                    ; 00:00:32     ; 1.0                     ; 286 MB              ; 00:00:32                           ;
; Assembler                 ; 00:00:05     ; 1.0                     ; 186 MB              ; 00:00:05                           ;
; TimeQuest Timing Analyzer ; 00:00:08     ; 1.0                     ; 209 MB              ; 00:00:08                           ;
; Total                     ; 00:00:56     ; --                      ; --                  ; 00:00:55                           ;
+---------------------------+--------------+-------------------------+---------------------+------------------------------------+


+-----------------------------------------------------------------------------------------+
; Flow OS Summary                                                                         ;
+---------------------------+------------------+------------+------------+----------------+
; Module Name               ; Machine Hostname ; OS Name    ; OS Version ; Processor type ;
+---------------------------+------------------+------------+------------+----------------+
; Analysis & Synthesis      ; lenovo           ; Windows XP ; 5.1        ; i686           ;
; Fitter                    ; lenovo           ; Windows XP ; 5.1        ; i686           ;
; Assembler                 ; lenovo           ; Windows XP ; 5.1        ; i686           ;
; TimeQuest Timing Analyzer ; lenovo           ; Windows XP ; 5.1        ; i686           ;
+---------------------------+------------------+------------+------------+----------------+


------------
; Flow Log ;
------------
quartus_map --read_settings_files=on --write_settings_files=off MCU8951 -c MCU8951
quartus_fit --read_settings_files=off --write_settings_files=off MCU8951 -c MCU8951
quartus_asm --read_settings_files=off --write_settings_files=off MCU8951 -c MCU8951
quartus_sta MCU8951 -c MCU8951



